Arguments: 
  /Users/ako/.nvm/versions/node/v14.17.1/bin/node /Users/ako/.nvm/versions/node/v14.17.1/bin/yarn install

PATH: 
  /Users/ako/.nvm/versions/node/v14.17.1/bin:/usr/local/bin:/usr/local/bin:/usr/bin:/bin:/usr/sbin:/sbin:/Users/ako/.nvm/versions/node/v14.17.1/bin:/Users/ako/.cargo/bin

Yarn version: 
  1.22.10

Node version: 
  14.17.1

Platform: 
  darwin x64

Trace: 
  SyntaxError: /Users/ako/DOT/blot-create-app/new-app/package.json: Unexpected token } in JSON at position 323
      at JSON.parse (<anonymous>)
      at /Users/ako/.nvm/versions/node/v14.17.1/lib/node_modules/yarn/lib/cli.js:1625:59
      at Generator.next (<anonymous>)
      at step (/Users/ako/.nvm/versions/node/v14.17.1/lib/node_modules/yarn/lib/cli.js:310:30)
      at /Users/ako/.nvm/versions/node/v14.17.1/lib/node_modules/yarn/lib/cli.js:321:13

npm manifest: 
  {
    "name": "vanilla",
    "version": "1.0.0",
    "main": "index.js",
    "license": "MIT",
    "type": "module",
    "scripts": {
      "start": "echo The app is starting! It will automatically open in your browser when ready && parcel src/index.html --open"
    },
    "dependencies": {
      "blot.js": "github:hackadot/blot.js",
      
    }
  }

yarn manifest: 
  No manifest

Lockfile: 
  # THIS IS AN AUTOGENERATED FILE. DO NOT EDIT THIS FILE DIRECTLY.
  # yarn lockfile v1
  
  
  "blot.js@github:4IRE-Labs/blot.js":
    version "1.0.0-beta.1"
    resolved "https://codeload.github.com/4IRE-Labs/blot.js/tar.gz/c298379188de812a081b28cd96ee0c939722e50d"
